================================================================================
Arch Linux Installer - Wed May 13 21:28:02 UTC 2026
================================================================================
Log file: /root/archis/logs/install-20260513-212802.log
Script mode: LIVE
================================================================================
[1m[34m==> Starting Arch Linux installation[0m
[1m[34m==> Installation Configuration[0m
[DEBUG] DISK: /dev/nvme0n1
[DEBUG] LUKS_NAME: cryptlvm
[DEBUG] VG_NAME: vg0
[DEBUG] LV_NAME: root
[DEBUG] KEYMAP: us
[DEBUG] LOCALE: en_US.UTF-8
[DEBUG] TIMEZONE: Europe/Moscow
[DEBUG] HOSTNAME: hyprarch
[DEBUG] USER_NAME: kyomu
[DEBUG] ZRAM_ALGORITHM: zstd
[DEBUG] FAILLOCK_DENY: 5
[DEBUG] FAILLOCK_UNLOCK_TIME: 10
[DEBUG] MNT: /mnt
[DEBUG] LOG_FILE: /root/archis/logs/install-20260513-212802.log
[DEBUG] DRY_RUN: 0
[DEBUG] ASSUME_YES: 1
[1m[34m==> Running preflight checks[0m
[34m[i][0m Checking for required commands...
[DEBUG] Found: pacman
[DEBUG] Found: pacstrap
[DEBUG] Found: genfstab
[DEBUG] Found: mkinitcpio
[DEBUG] Found: arch-chroot
[DEBUG] Found: cryptsetup
[DEBUG] Found: lvm
[DEBUG] Found: pvcreate
[DEBUG] Found: vgcreate
[DEBUG] Found: lvcreate
[DEBUG] Found: parted
[DEBUG] Found: mount
[DEBUG] Found: umount
[DEBUG] Found: btrfs
[DEBUG] Found: mkfs.btrfs
[DEBUG] Found: mkfs.fat
[DEBUG] Found: lsblk
[DEBUG] Found: bootctl
[DEBUG] Found: efibootmgr
[DEBUG] Found: systemctl
[DEBUG] Found: timedatectl
[32m[✓][0m All required commands found
[34m[i][0m Checking system mode...
[32m[✓][0m UEFI boot detected
[34m[i][0m Checking target disk...
[32m[✓][0m Disk /dev/nvme0n1 found
[DEBUG] Disk information:
NAME        MAJ:MIN RM   SIZE RO TYPE MOUNTPOINTS
nvme0n1     259:0    0 476.9G  0 disk 
├─nvme0n1p2 259:1    0 476.4G  0 part 
└─nvme0n1p1 259:3    0   550M  0 part 
[32m[✓][0m Preflight checks passed
[1m[34m==> Partitioning disk: /dev/nvme0n1[0m
[DEBUG] Checking if disk /dev/nvme0n1 exists...
[32m[✓][0m Disk /dev/nvme0n1 found
[DEBUG] Current partition layout before modification:
NAME        MAJ:MIN RM   SIZE RO TYPE MOUNTPOINTS
nvme0n1     259:0    0 476.9G  0 disk 
├─nvme0n1p2 259:1    0 476.4G  0 part 
└─nvme0n1p1 259:3    0   550M  0 part 
[33m[!][0m This will DESTROY all data on /dev/nvme0n1
[37m[CMD][0m parted --script /dev/nvme0n1 mklabel gpt
[37m[CMD][0m parted --script /dev/nvme0n1 mkpart primary fat32 1MiB 551MiB
[37m[CMD][0m parted --script /dev/nvme0n1 set 1 esp on
[37m[CMD][0m parted --script /dev/nvme0n1 mkpart primary 551MiB 100%
[DEBUG] Partition layout after modification:
NAME        MAJ:MIN RM   SIZE RO TYPE MOUNTPOINTS
nvme0n1     259:0    0 476.9G  0 disk 
├─nvme0n1p2 259:1    0 476.4G  0 part 
└─nvme0n1p1 259:2    0   550M  0 part 
[32m[✓][0m Partitions created
[1m[34m==> Setting up LUKS encryption and LVM[0m
[DEBUG] EFI partition: /dev/nvme0n1p1
[DEBUG] LVM partition: /dev/nvme0n1p2
[DEBUG] Verifying partitions exist...
[32m[✓][0m Found partition: /dev/nvme0n1p1
[32m[✓][0m Found partition: /dev/nvme0n1p2
[34m[i][0m Creating LUKS container on /dev/nvme0n1p2 (automated passphrase)
[DEBUG] Using automated LUKS passphrase from configuration
[37m[CMD][0m printf '***' | cryptsetup --batch-mode luksFormat --key-file - /dev/nvme0n1p2
[32m[✓][0m LUKS format completed
[37m[CMD][0m printf '***' | cryptsetup open --key-file - /dev/nvme0n1p2 cryptlvm
[32m[✓][0m LUKS container opened
[DEBUG] Mapped device: /dev/mapper/cryptlvm
[32m[✓][0m LUKS device ready
[37m[CMD][0m pvcreate /dev/mapper/cryptlvm
  Physical volume "/dev/mapper/cryptlvm" successfully created.
[32m[✓][0m Physical volume created
[37m[CMD][0m vgcreate vg0 /dev/mapper/cryptlvm
  Volume group "vg0" successfully created
[32m[✓][0m Volume group created
[37m[CMD][0m lvcreate -l 100%FREE -n root vg0
  Logical volume "root" created.
[32m[✓][0m Logical volume created
[DEBUG] LVM status:
  --- Physical volume ---
  PV Name               /dev/mapper/cryptlvm
  VG Name               vg0
  PV Size               <476.39 GiB / not usable 3.00 MiB
  Allocatable           yes (but full)
  PE Size               4.00 MiB
  Total PE              121954
  Free PE               0
  Allocated PE          121954
  PV UUID               8m13Ku-SRjO-SsNG-Hrmv-zJho-7FDA-AtljWh
   
  --- Volume group ---
  VG Name               vg0
  System ID             
  Format                lvm2
  Metadata Areas        1
  Metadata Sequence No  2
  VG Access             read/write
  VG Status             resizable
  MAX LV                0
  Cur LV                1
  Open LV               0
  Max PV                0
  Cur PV                1
  Act PV                1
  VG Size               476.38 GiB
  PE Size               4.00 MiB
  Total PE              121954
  Alloc PE / Size       121954 / 476.38 GiB
  Free  PE / Size       0 / 0   
  VG UUID               ADrBED-c5jK-3uqt-DoIC-JyDM-r94h-F51ra3
   
  --- Logical volume ---
  LV Path                /dev/vg0/root
  LV Name                root
  VG Name                vg0
  LV UUID                oIkVjZ-1Stj-8dlq-noTY-0j7r-wQEH-PZi0dx
  LV Write Access        read/write
  LV Creation host, time archiso, 2026-05-13 21:28:16 +0000
  LV Status              available
  # open                 0
  LV Size                476.38 GiB
  Current LE             121954
  Segments               1
  Allocation             inherit
  Read ahead sectors     auto
  - currently set to     512
  Block device           253:1
   
[32m[✓][0m LUKS+LVM ready: /dev/vg0/root
[1m[34m==> Formatting and mounting filesystems[0m
[DEBUG] EFI partition: /dev/nvme0n1p1
[DEBUG] LVM device: /dev/vg0/root
[DEBUG] Mount point: /mnt
[37m[CMD][0m mkfs.fat -F32 /dev/nvme0n1p1
mkfs.fat 4.2 (2021-01-31)
[32m[✓][0m EFI filesystem created
[37m[CMD][0m mkfs.btrfs -f /dev/vg0/root
btrfs-progs v6.19.1
See https://btrfs.readthedocs.io for more information.

NOTE: default settings have changed in version 6.19 (supported since linux 6.1):
      - enable block-group-tree (-O bgt)

Label:              (null)
UUID:               afaef715-71b7-4102-a60f-eba70d5df9a7
Node size:          16384
Sector size:        4096	(CPU page size: 4096)
Filesystem size:    476.38GiB
Block group profiles:
  Data:             single            8.00MiB
  Metadata:         DUP               1.00GiB
  System:           DUP               8.00MiB
SSD detected:       yes
Zoned device:       no
Features:           extref, skinny-metadata, no-holes, free-space-tree, block-group-tree
Checksum:           crc32c
Number of devices:  1
Devices:
   ID        SIZE  PATH         
    1   476.38GiB  /dev/vg0/root

[32m[✓][0m Btrfs filesystem created
[DEBUG] Creating mount point: /mnt
[37m[CMD][0m mount -t btrfs /dev/vg0/root /mnt
[32m[✓][0m Root mounted
[34m[i][0m Creating btrfs subvolumes...
[37m[CMD][0m btrfs subvolume create /mnt/@
Create subvolume '/mnt/@'
[32m[✓][0m Subvolume @ created
[37m[CMD][0m btrfs subvolume create /mnt/@home
Create subvolume '/mnt/@home'
[32m[✓][0m Subvolume @home created
[DEBUG] Current subvolumes:
ID 256 gen 9 top level 5 path @
ID 257 gen 9 top level 5 path @home
[37m[CMD][0m btrfs subvolume set-default 256 /mnt
[37m[CMD][0m umount /mnt
[32m[✓][0m Root unmounted for remount with subvolume options
[34m[i][0m Remounting with compression and default subvolume...
[37m[CMD][0m mount -o noatime,compress=zstd /dev/vg0/root /mnt
[32m[✓][0m Root remounted
[37m[CMD][0m mount -o noatime,compress=zstd,subvol=@home /dev/vg0/root /mnt/home
[32m[✓][0m Home mounted with subvol=@home
[37m[CMD][0m mount /dev/nvme0n1p1 /mnt/boot
[32m[✓][0m EFI mounted at /boot
[DEBUG] Final mount status:
/dev/mapper/vg0-root on /mnt type btrfs (rw,noatime,compress=zstd:3,ssd,space_cache=v2,subvolid=256,subvol=/@)
/dev/mapper/vg0-root on /mnt/home type btrfs (rw,noatime,compress=zstd:3,ssd,space_cache=v2,subvolid=257,subvol=/@home)
/dev/nvme0n1p1 on /mnt/boot type vfat (rw,relatime,fmask=0022,dmask=0022,codepage=437,iocharset=ascii,shortname=mixed,utf8,errors=remount-ro)
[32m[✓][0m Filesystems mounted at /mnt
[1m[34m==> Generating /etc/fstab[0m
[37m[CMD][0m genfstab -U /mnt
[34m[i][0m Generating fstab with UUIDs...
# /dev/mapper/vg0-root
UUID=afaef715-71b7-4102-a60f-eba70d5df9a7	/         	btrfs     	rw,noatime,compress=zstd:3,ssd,space_cache=v2,subvol=/@	0 0

# /dev/mapper/vg0-root
UUID=afaef715-71b7-4102-a60f-eba70d5df9a7	/home     	btrfs     	rw,noatime,compress=zstd:3,ssd,space_cache=v2,subvol=/@home	0 0

# /dev/nvme0n1p1
UUID=CF11-2482      	/boot     	vfat      	rw,relatime,fmask=0022,dmask=0022,codepage=437,iocharset=ascii,shortname=mixed,utf8,errors=remount-ro	0 2

[DEBUG] Removing swap entries (if any)...
[DEBUG] Generated /etc/fstab content:
# /dev/mapper/vg0-root
UUID=afaef715-71b7-4102-a60f-eba70d5df9a7	/         	btrfs     	rw,noatime,compress=zstd:3,ssd,space_cache=v2,subvol=/@	0 0

# /dev/mapper/vg0-root
UUID=afaef715-71b7-4102-a60f-eba70d5df9a7	/home     	btrfs     	rw,noatime,compress=zstd:3,ssd,space_cache=v2,subvol=/@home	0 0

# /dev/nvme0n1p1
UUID=CF11-2482      	/boot     	vfat      	rw,relatime,fmask=0022,dmask=0022,codepage=437,iocharset=ascii,shortname=mixed,utf8,errors=remount-ro	0 2

[32m[✓][0m fstab generated
[1m[34m==> Installing base system with pacstrap[0m
[1m[34m==> Configuring mirrors[0m
[37m[CMD][0m reflector --latest 20 --protocol https --sort rate --save /tmp/tmp.1DEod4J4XI/mirrorlist
[2026-05-13 21:28:22] WARNING: failed to rate http(s) download (https://frankfurt.mirror.pkgbuild.com/extra/os/x86_64/extra.db): Download timed out after 5 second(s).
[2026-05-13 21:28:41] WARNING: failed to rate http(s) download (https://archlinux.mailtunnel.eu/extra/os/x86_64/extra.db): Download timed out after 5 second(s).
[2026-05-13 21:28:46] WARNING: failed to rate http(s) download (https://mirror.pseudoform.org/extra/os/x86_64/extra.db): Download timed out after 5 second(s).
[2026-05-13 21:28:56] WARNING: failed to rate http(s) download (https://mirror.osbeck.com/archlinux/extra/os/x86_64/extra.db): Download timed out after 5 second(s).
[2026-05-13 21:29:06] WARNING: failed to rate http(s) download (https://arch.mirror.constant.com/extra/os/x86_64/extra.db): Download timed out after 5 second(s).
[2026-05-13 21:29:12] WARNING: failed to rate http(s) download (https://archlinux.uk.mirror.allworldit.com/archlinux/extra/os/x86_64/extra.db): Download timed out after 5 second(s).
[32m[✓][0m Mirrorlist updated
[34m[i][0m Filtering available packages...
[DEBUG] Available packages: 82
[DEBUG] Skipped packages: 3
[33m[!][0m Skipped (not in repos): lib32-nvidia-utils lib32-mesa lib32-vulkan-intel
[37m[CMD][0m pacstrap /mnt base base-devel linux linux-headers linux-firmware dkms sudo git man-db man-pages btrfs-progs lvm2 cryptsetup snapper snap-pac efibootmgr networkmanager iwd bluez bluez-utils blueman pipewire pipewire-pulse pipewire-alsa pipewire-jack wireplumber pavucontrol playerctl sof-firmware power-profiles-daemon brightnessctl ufw noto-fonts hyprland hyprlock hypridle hyprpaper hyprpicker hyprsunset hyprpolkitagent polkit seatd xorg-xwayland qt5-wayland qt6-wayland wl-clipboard xdg-desktop-portal-hyprland xdg-desktop-portal-gtk xdg-utils egl-wayland kitty neovim nano dolphin 7zip tar gzip pigz nwg-look qt5ct qt6ct grim slurp firefox gwenview btop openssh gnome-keyring nvidia-open-dkms nvidia-utils nvidia-settings libva-nvidia-driver nvidia-prime switcheroo-control acpi_call mesa vulkan-intel intel-media-driver intel-ucode mesa-utils vulkan-tools zram-generator
[34m[i][0m Running pacstrap with 82 packages...
==> Creating install root at /mnt
gpg: /mnt//etc/pacman.d/gnupg/trustdb.gpg: trustdb created
gpg: no ultimately trusted keys found
gpg: starting migration from earlier GnuPG versions
gpg: porting secret keys from '/mnt//etc/pacman.d/gnupg/secring.gpg' to gpg-agent
gpg: migration succeeded
==> Generating pacman master key. This may take some time.
gpg: Generating pacman keyring master key...
gpg: directory '/mnt//etc/pacman.d/gnupg/openpgp-revocs.d' created
gpg: revocation certificate stored as '/mnt//etc/pacman.d/gnupg/openpgp-revocs.d/B80EB59A74EEAA24DFC9111DD1A6C1690F570DC2.rev'
gpg: Done
==> Updating trust database...
gpg: marginals needed: 3  completes needed: 1  trust model: pgp
gpg: depth: 0  valid:   1  signed:   0  trust: 0-, 0q, 0n, 0m, 0f, 1u
==> Installing packages to /mnt
:: Synchronizing package databases...
error: failed to synchronize all databases (no servers configured for repository)
==> ERROR: Failed to install packages to new root
[31m[x][0m Failed to install base system
